Removed Pin From Net: NetName=3V3 Pin=CON1-1
Removed Pin From Net: NetName=S1 Pin=CON1-2
Removed Pin From Net: NetName=L_out Pin=CON2-1
Removed Pin From Net: NetName=NULL Pin=CON2-2
Removed Pin From Net: NetName=NULL Pin=CON3-1
Removed Pin From Net: NetName=Phase Pin=CON3-2
Added Component: Designator=CON1(HANDSON_KF301-2P)
Add component (AddParameter): Name = "Check_prices"; Value = "https://www.snapeda.com/parts/KF301-2P/Handson+Technology/view-part/?ref=eda"; VariantName = "[No Variations]"
Add component (AddParameter): Name = "MF"; Value = "Handson Technology"; VariantName = "[No Variations]"
Add component (AddParameter): Name = "MP"; Value = "KF301-2P"; VariantName = "[No Variations]"
Add component (AddParameter): Name = "Package"; Value = "None"; VariantName = "[No Variations]"
Add component (AddParameter): Name = "SnapEDA_Link"; Value = "https://www.snapeda.com/parts/KF301-2P/Handson+Technology/view-part/?ref=snap"; VariantName = "[No Variations]"
Add component (AddParameter): Name = "Value"; Value = ""; VariantName = "[No Variations]"
Added Component: Designator=CON2(HANDSON_KF301-2P)
Add component (AddParameter): Name = "Check_prices"; Value = "https://www.snapeda.com/parts/KF301-2P/Handson+Technology/view-part/?ref=eda"; VariantName = "[No Variations]"
Add component (AddParameter): Name = "MF"; Value = "Handson Technology"; VariantName = "[No Variations]"
Add component (AddParameter): Name = "MP"; Value = "KF301-2P"; VariantName = "[No Variations]"
Add component (AddParameter): Name = "Package"; Value = "None"; VariantName = "[No Variations]"
Add component (AddParameter): Name = "SnapEDA_Link"; Value = "https://www.snapeda.com/parts/KF301-2P/Handson+Technology/view-part/?ref=snap"; VariantName = "[No Variations]"
Add component (AddParameter): Name = "Value"; Value = ""; VariantName = "[No Variations]"
Added Component: Designator=CON3(HANDSON_KF301-2P)
Add component (AddParameter): Name = "Check_prices"; Value = "https://www.snapeda.com/parts/KF301-2P/Handson+Technology/view-part/?ref=eda"; VariantName = "[No Variations]"
Add component (AddParameter): Name = "MF"; Value = "Handson Technology"; VariantName = "[No Variations]"
Add component (AddParameter): Name = "MP"; Value = "KF301-2P"; VariantName = "[No Variations]"
Add component (AddParameter): Name = "Package"; Value = "None"; VariantName = "[No Variations]"
Add component (AddParameter): Name = "SnapEDA_Link"; Value = "https://www.snapeda.com/parts/KF301-2P/Handson+Technology/view-part/?ref=snap"; VariantName = "[No Variations]"
Add component (AddParameter): Name = "Value"; Value = ""; VariantName = "[No Variations]"
Added Pin To Net: NetName=3V3 Pin=CON1-1
Added Pin To Net: NetName=S1 Pin=CON1-2
Added Pin To Net: NetName=L_out Pin=CON2-1
Added Pin To Net: NetName=NULL Pin=CON2-2
Added Pin To Net: NetName=NULL Pin=CON3-1
Added Pin To Net: NetName=Phase Pin=CON3-2
