Added Component: Designator=BOOT(Push Button)
Added Component: Designator=C1(CAPC2012X90N)
Add component (AddParameter): Name = "Check_prices"; Value = "https://www.snapeda.com/parts/VJ0805Y104KXXCW1BC/Vishay/view-part/?ref=eda"; VariantName = "[No Variations]"
Add component (AddParameter): Name = "MF"; Value = "Vishay Vitramon"; VariantName = "[No Variations]"
Add component (AddParameter): Name = "MP"; Value = "VJ0805Y104KXXCW1BC"; VariantName = "[No Variations]"
Add component (AddParameter): Name = "Package"; Value = "0805-2 VISHAY"; VariantName = "[No Variations]"
Add component (AddParameter): Name = "SnapEDA_Link"; Value = "https://www.snapeda.com/parts/VJ0805Y104KXXCW1BC/Vishay/view-part/?ref=snap"; VariantName = "[No Variations]"
Add component (AddParameter): Name = "Value"; Value = ""; VariantName = "[No Variations]"
Added Component: Designator=C2(CAPC2012X90N)
Add component (AddParameter): Name = "Check_prices"; Value = "https://www.snapeda.com/parts/VJ0805Y104KXXCW1BC/Vishay/view-part/?ref=eda"; VariantName = "[No Variations]"
Add component (AddParameter): Name = "MF"; Value = "Vishay Vitramon"; VariantName = "[No Variations]"
Add component (AddParameter): Name = "MP"; Value = "VJ0805Y104KXXCW1BC"; VariantName = "[No Variations]"
Add component (AddParameter): Name = "Package"; Value = "0805-2 VISHAY"; VariantName = "[No Variations]"
Add component (AddParameter): Name = "SnapEDA_Link"; Value = "https://www.snapeda.com/parts/VJ0805Y104KXXCW1BC/Vishay/view-part/?ref=snap"; VariantName = "[No Variations]"
Add component (AddParameter): Name = "Value"; Value = ""; VariantName = "[No Variations]"
Added Component: Designator=C3(CAPC2012X90N)
Add component (AddParameter): Name = "Check_prices"; Value = "https://www.snapeda.com/parts/VJ0805Y104KXXCW1BC/Vishay/view-part/?ref=eda"; VariantName = "[No Variations]"
Add component (AddParameter): Name = "MF"; Value = "Vishay Vitramon"; VariantName = "[No Variations]"
Add component (AddParameter): Name = "MP"; Value = "VJ0805Y104KXXCW1BC"; VariantName = "[No Variations]"
Add component (AddParameter): Name = "Package"; Value = "0805-2 VISHAY"; VariantName = "[No Variations]"
Add component (AddParameter): Name = "SnapEDA_Link"; Value = "https://www.snapeda.com/parts/VJ0805Y104KXXCW1BC/Vishay/view-part/?ref=snap"; VariantName = "[No Variations]"
Add component (AddParameter): Name = "Value"; Value = ""; VariantName = "[No Variations]"
Added Component: Designator=C4(CAPC2012X90N)
Add component (AddParameter): Name = "Check_prices"; Value = "https://www.snapeda.com/parts/VJ0805Y104KXXCW1BC/Vishay/view-part/?ref=eda"; VariantName = "[No Variations]"
Add component (AddParameter): Name = "MF"; Value = "Vishay Vitramon"; VariantName = "[No Variations]"
Add component (AddParameter): Name = "MP"; Value = "VJ0805Y104KXXCW1BC"; VariantName = "[No Variations]"
Add component (AddParameter): Name = "Package"; Value = "0805-2 VISHAY"; VariantName = "[No Variations]"
Add component (AddParameter): Name = "SnapEDA_Link"; Value = "https://www.snapeda.com/parts/VJ0805Y104KXXCW1BC/Vishay/view-part/?ref=snap"; VariantName = "[No Variations]"
Add component (AddParameter): Name = "Value"; Value = ""; VariantName = "[No Variations]"
Added Component: Designator=C5(CAPC2012X90N)
Add component (AddParameter): Name = "Check_prices"; Value = "https://www.snapeda.com/parts/VJ0805Y104KXXCW1BC/Vishay/view-part/?ref=eda"; VariantName = "[No Variations]"
Add component (AddParameter): Name = "MF"; Value = "Vishay Vitramon"; VariantName = "[No Variations]"
Add component (AddParameter): Name = "MP"; Value = "VJ0805Y104KXXCW1BC"; VariantName = "[No Variations]"
Add component (AddParameter): Name = "Package"; Value = "0805-2 VISHAY"; VariantName = "[No Variations]"
Add component (AddParameter): Name = "SnapEDA_Link"; Value = "https://www.snapeda.com/parts/VJ0805Y104KXXCW1BC/Vishay/view-part/?ref=snap"; VariantName = "[No Variations]"
Add component (AddParameter): Name = "Value"; Value = ""; VariantName = "[No Variations]"
Added Component: Designator=C6(CAPC2012X90N)
Add component (AddParameter): Name = "Check_prices"; Value = "https://www.snapeda.com/parts/VJ0805Y104KXXCW1BC/Vishay/view-part/?ref=eda"; VariantName = "[No Variations]"
Add component (AddParameter): Name = "MF"; Value = "Vishay Vitramon"; VariantName = "[No Variations]"
Add component (AddParameter): Name = "MP"; Value = "VJ0805Y104KXXCW1BC"; VariantName = "[No Variations]"
Add component (AddParameter): Name = "Package"; Value = "0805-2 VISHAY"; VariantName = "[No Variations]"
Add component (AddParameter): Name = "SnapEDA_Link"; Value = "https://www.snapeda.com/parts/VJ0805Y104KXXCW1BC/Vishay/view-part/?ref=snap"; VariantName = "[No Variations]"
Add component (AddParameter): Name = "Value"; Value = ""; VariantName = "[No Variations]"
Added Component: Designator=C7(CAPC2012X90N)
Add component (AddParameter): Name = "Check_prices"; Value = "https://www.snapeda.com/parts/VJ0805Y104KXXCW1BC/Vishay/view-part/?ref=eda"; VariantName = "[No Variations]"
Add component (AddParameter): Name = "MF"; Value = "Vishay Vitramon"; VariantName = "[No Variations]"
Add component (AddParameter): Name = "MP"; Value = "VJ0805Y104KXXCW1BC"; VariantName = "[No Variations]"
Add component (AddParameter): Name = "Package"; Value = "0805-2 VISHAY"; VariantName = "[No Variations]"
Add component (AddParameter): Name = "SnapEDA_Link"; Value = "https://www.snapeda.com/parts/VJ0805Y104KXXCW1BC/Vishay/view-part/?ref=snap"; VariantName = "[No Variations]"
Add component (AddParameter): Name = "Value"; Value = ""; VariantName = "[No Variations]"
Added Component: Designator=C8(CAPC2012X90N)
Add component (AddParameter): Name = "Check_prices"; Value = "https://www.snapeda.com/parts/VJ0805Y104KXXCW1BC/Vishay/view-part/?ref=eda"; VariantName = "[No Variations]"
Add component (AddParameter): Name = "MF"; Value = "Vishay Vitramon"; VariantName = "[No Variations]"
Add component (AddParameter): Name = "MP"; Value = "VJ0805Y104KXXCW1BC"; VariantName = "[No Variations]"
Add component (AddParameter): Name = "Package"; Value = "0805-2 VISHAY"; VariantName = "[No Variations]"
Add component (AddParameter): Name = "SnapEDA_Link"; Value = "https://www.snapeda.com/parts/VJ0805Y104KXXCW1BC/Vishay/view-part/?ref=snap"; VariantName = "[No Variations]"
Add component (AddParameter): Name = "Value"; Value = ""; VariantName = "[No Variations]"
Added Component: Designator=C9(CAPC2012X90N)
Add component (AddParameter): Name = "Check_prices"; Value = "https://www.snapeda.com/parts/VJ0805Y104KXXCW1BC/Vishay/view-part/?ref=eda"; VariantName = "[No Variations]"
Add component (AddParameter): Name = "MF"; Value = "Vishay Vitramon"; VariantName = "[No Variations]"
Add component (AddParameter): Name = "MP"; Value = "VJ0805Y104KXXCW1BC"; VariantName = "[No Variations]"
Add component (AddParameter): Name = "Package"; Value = "0805-2 VISHAY"; VariantName = "[No Variations]"
Add component (AddParameter): Name = "SnapEDA_Link"; Value = "https://www.snapeda.com/parts/VJ0805Y104KXXCW1BC/Vishay/view-part/?ref=snap"; VariantName = "[No Variations]"
Add component (AddParameter): Name = "Value"; Value = ""; VariantName = "[No Variations]"
Added Component: Designator=CON1(HANDSON_KF301-2P)
Add component (AddParameter): Name = "Check_prices"; Value = "https://www.snapeda.com/parts/KF301-2P/Handson+Technology/view-part/?ref=eda"; VariantName = "[No Variations]"
Add component (AddParameter): Name = "MF"; Value = "Handson Technology"; VariantName = "[No Variations]"
Add component (AddParameter): Name = "MP"; Value = "KF301-2P"; VariantName = "[No Variations]"
Add component (AddParameter): Name = "Package"; Value = "None"; VariantName = "[No Variations]"
Add component (AddParameter): Name = "SnapEDA_Link"; Value = "https://www.snapeda.com/parts/KF301-2P/Handson+Technology/view-part/?ref=snap"; VariantName = "[No Variations]"
Add component (AddParameter): Name = "Value"; Value = ""; VariantName = "[No Variations]"
Added Component: Designator=CON2(HANDSON_KF301-2P)
Add component (AddParameter): Name = "Check_prices"; Value = "https://www.snapeda.com/parts/KF301-2P/Handson+Technology/view-part/?ref=eda"; VariantName = "[No Variations]"
Add component (AddParameter): Name = "MF"; Value = "Handson Technology"; VariantName = "[No Variations]"
Add component (AddParameter): Name = "MP"; Value = "KF301-2P"; VariantName = "[No Variations]"
Add component (AddParameter): Name = "Package"; Value = "None"; VariantName = "[No Variations]"
Add component (AddParameter): Name = "SnapEDA_Link"; Value = "https://www.snapeda.com/parts/KF301-2P/Handson+Technology/view-part/?ref=snap"; VariantName = "[No Variations]"
Add component (AddParameter): Name = "Value"; Value = ""; VariantName = "[No Variations]"
Added Component: Designator=CON3(HANDSON_KF301-2P)
Add component (AddParameter): Name = "Check_prices"; Value = "https://www.snapeda.com/parts/KF301-2P/Handson+Technology/view-part/?ref=eda"; VariantName = "[No Variations]"
Add component (AddParameter): Name = "MF"; Value = "Handson Technology"; VariantName = "[No Variations]"
Add component (AddParameter): Name = "MP"; Value = "KF301-2P"; VariantName = "[No Variations]"
Add component (AddParameter): Name = "Package"; Value = "None"; VariantName = "[No Variations]"
Add component (AddParameter): Name = "SnapEDA_Link"; Value = "https://www.snapeda.com/parts/KF301-2P/Handson+Technology/view-part/?ref=snap"; VariantName = "[No Variations]"
Add component (AddParameter): Name = "Value"; Value = ""; VariantName = "[No Variations]"
Added Component: Designator=D1(SODFL2512X100N)
Add component (AddParameter): Name = "Availability"; Value = "In Stock"; VariantName = "[No Variations]"
Add component (AddParameter): Name = "MF"; Value = "ON Semiconductor"; VariantName = "[No Variations]"
Add component (AddParameter): Name = "MP"; Value = "1N4148WS"; VariantName = "[No Variations]"
Add component (AddParameter): Name = "Package"; Value = "SOD-323FL-2 ON Semiconductor"; VariantName = "[No Variations]"
Add component (AddParameter): Name = "Price"; Value = "None"; VariantName = "[No Variations]"
Add component (AddParameter): Name = "Purchase-URL"; Value = "https://pricing.snapeda.com/search/part/1N4148WS/?ref=eda"; VariantName = "[No Variations]"
Add component (AddParameter): Name = "Value"; Value = ""; VariantName = "[No Variations]"
Added Component: Designator=F1(FUSRR508W60L835T400H810)
Add component (AddParameter): Name = "Check_prices"; Value = "https://www.snapeda.com/parts/0697H1000-02/Bel+Circuit+Protection/view-part/?ref=eda"; VariantName = "[No Variations]"
Add component (AddParameter): Name = "MF"; Value = "Bel Fuse"; VariantName = "[No Variations]"
Add component (AddParameter): Name = "MP"; Value = "0697H1000-02"; VariantName = "[No Variations]"
Add component (AddParameter): Name = "Package"; Value = "Radial Box  Bel Fuse"; VariantName = "[No Variations]"
Add component (AddParameter): Name = "SnapEDA_Link"; Value = "https://www.snapeda.com/parts/0697H1000-02/Bel+Circuit+Protection/view-part/?ref=snap"; VariantName = "[No Variations]"
Add component (AddParameter): Name = "Value"; Value = ""; VariantName = "[No Variations]"
Added Component: Designator=J1(SAMTEC_HTSW-104-07-G-S)
Add component (AddParameter): Name = "Availability"; Value = "Unavailable"; VariantName = "[No Variations]"
Add component (AddParameter): Name = "MF"; Value = ""; VariantName = "[No Variations]"
Add component (AddParameter): Name = "MP"; Value = "HTSW-104-07-G-S"; VariantName = "[No Variations]"
Add component (AddParameter): Name = "Package"; Value = "None"; VariantName = "[No Variations]"
Add component (AddParameter): Name = "Price"; Value = "None"; VariantName = "[No Variations]"
Add component (AddParameter): Name = "Value"; Value = ""; VariantName = "[No Variations]"
Added Component: Designator=K1(RELAY_HF49FD/005-1H12T)
Add component (AddParameter): Name = "Availability"; Value = "Unavailable"; VariantName = "[No Variations]"
Add component (AddParameter): Name = "MF"; Value = "Hongfa"; VariantName = "[No Variations]"
Add component (AddParameter): Name = "MP"; Value = "HF49FD/005-1H12T"; VariantName = "[No Variations]"
Add component (AddParameter): Name = "Package"; Value = "None"; VariantName = "[No Variations]"
Add component (AddParameter): Name = "Price"; Value = "None"; VariantName = "[No Variations]"
Add component (AddParameter): Name = "SnapEDA_Link"; Value = "https://www.snapeda.com/parts/HF49FD/005-1H12T/Hongfa/view-part/2753221/?ref=snap"; VariantName = "[No Variations]"
Add component (AddParameter): Name = "Value"; Value = ""; VariantName = "[No Variations]"
Added Component: Designator=LED1(LEDRD254W50D305H520P)
Add component (AddParameter): Name = "Check_prices"; Value = "https://www.snapeda.com/parts/OVLAW4CB7/TT+Electronics%252FOptek/view-part/?ref=eda"; VariantName = "[No Variations]"
Add component (AddParameter): Name = "MF"; Value = "TT Electronics/Optek"; VariantName = "[No Variations]"
Add component (AddParameter): Name = "MP"; Value = "OVLAW4CB7"; VariantName = "[No Variations]"
Add component (AddParameter): Name = "Package"; Value = "Package"; VariantName = "[No Variations]"
Add component (AddParameter): Name = "SnapEDA_Link"; Value = "https://www.snapeda.com/parts/OVLAW4CB7/TT+Electronics%252FOptek/view-part/?ref=snap"; VariantName = "[No Variations]"
Add component (AddParameter): Name = "Value"; Value = ""; VariantName = "[No Variations]"
Added Component: Designator=LED2(LEDRD254W50D305H520P)
Add component (AddParameter): Name = "Check_prices"; Value = "https://www.snapeda.com/parts/OVLAW4CB7/TT+Electronics%252FOptek/view-part/?ref=eda"; VariantName = "[No Variations]"
Add component (AddParameter): Name = "MF"; Value = "TT Electronics/Optek"; VariantName = "[No Variations]"
Add component (AddParameter): Name = "MP"; Value = "OVLAW4CB7"; VariantName = "[No Variations]"
Add component (AddParameter): Name = "Package"; Value = "Package"; VariantName = "[No Variations]"
Add component (AddParameter): Name = "SnapEDA_Link"; Value = "https://www.snapeda.com/parts/OVLAW4CB7/TT+Electronics%252FOptek/view-part/?ref=snap"; VariantName = "[No Variations]"
Add component (AddParameter): Name = "Value"; Value = ""; VariantName = "[No Variations]"
Added Component: Designator=M1(WX-DC12003)
Added Component: Designator=Pairing(Push Button)
Added Component: Designator=Q1(SOT95P260X140-3N)
Add component (AddParameter): Name = "Availability"; Value = "Unavailable"; VariantName = "[No Variations]"
Add component (AddParameter): Name = "MF"; Value = "{'manufacturer': u'MDD'}"; VariantName = "[No Variations]"
Add component (AddParameter): Name = "MP"; Value = "AO3400-5.8A"; VariantName = "[No Variations]"
Add component (AddParameter): Name = "Package"; Value = "None"; VariantName = "[No Variations]"
Add component (AddParameter): Name = "Price"; Value = "None"; VariantName = "[No Variations]"
Add component (AddParameter): Name = "Value"; Value = ""; VariantName = "[No Variations]"
Added Component: Designator=R1(RESC2012X65N)
Add component (AddParameter): Name = "Check_prices"; Value = "https://www.snapeda.com/parts/RN73C2A5K11BTD/TE+Connectivity+Passive+Product/view-part/?ref=eda"; VariantName = "[No Variations]"
Add component (AddParameter): Name = "EU_RoHS_Compliance"; Value = "Compliant"; VariantName = "[No Variations]"
Add component (AddParameter): Name = "MF"; Value = "TE Connectivity"; VariantName = "[No Variations]"
Add component (AddParameter): Name = "MP"; Value = "RN73C2A5K11BTD"; VariantName = "[No Variations]"
Add component (AddParameter): Name = "Package"; Value = "0805"; VariantName = "[No Variations]"
Add component (AddParameter): Name = "Power_Rating"; Value = ".1 W"; VariantName = "[No Variations]"
Add component (AddParameter): Name = "Resistance"; Value = "5.11K"; VariantName = "[No Variations]"
Add component (AddParameter): Name = "SnapEDA_Link"; Value = "https://www.snapeda.com/parts/RN73C2A5K11BTD/TE+Connectivity+Passive+Product/view-part/?ref=snap"; VariantName = "[No Variations]"
Add component (AddParameter): Name = "Tolerance"; Value = ".1%"; VariantName = "[No Variations]"
Add component (AddParameter): Name = "Value"; Value = ""; VariantName = "[No Variations]"
Added Component: Designator=R2(RESC2012X65N)
Add component (AddParameter): Name = "Check_prices"; Value = "https://www.snapeda.com/parts/RN73C2A5K11BTD/TE+Connectivity+Passive+Product/view-part/?ref=eda"; VariantName = "[No Variations]"
Add component (AddParameter): Name = "EU_RoHS_Compliance"; Value = "Compliant"; VariantName = "[No Variations]"
Add component (AddParameter): Name = "MF"; Value = "TE Connectivity"; VariantName = "[No Variations]"
Add component (AddParameter): Name = "MP"; Value = "RN73C2A5K11BTD"; VariantName = "[No Variations]"
Add component (AddParameter): Name = "Package"; Value = "0805"; VariantName = "[No Variations]"
Add component (AddParameter): Name = "Power_Rating"; Value = ".1 W"; VariantName = "[No Variations]"
Add component (AddParameter): Name = "Resistance"; Value = "5.11K"; VariantName = "[No Variations]"
Add component (AddParameter): Name = "SnapEDA_Link"; Value = "https://www.snapeda.com/parts/RN73C2A5K11BTD/TE+Connectivity+Passive+Product/view-part/?ref=snap"; VariantName = "[No Variations]"
Add component (AddParameter): Name = "Tolerance"; Value = ".1%"; VariantName = "[No Variations]"
Add component (AddParameter): Name = "Value"; Value = ""; VariantName = "[No Variations]"
Added Component: Designator=R3(RESC2012X65N)
Add component (AddParameter): Name = "Check_prices"; Value = "https://www.snapeda.com/parts/RN73C2A5K11BTD/TE+Connectivity+Passive+Product/view-part/?ref=eda"; VariantName = "[No Variations]"
Add component (AddParameter): Name = "EU_RoHS_Compliance"; Value = "Compliant"; VariantName = "[No Variations]"
Add component (AddParameter): Name = "MF"; Value = "TE Connectivity"; VariantName = "[No Variations]"
Add component (AddParameter): Name = "MP"; Value = "RN73C2A5K11BTD"; VariantName = "[No Variations]"
Add component (AddParameter): Name = "Package"; Value = "0805"; VariantName = "[No Variations]"
Add component (AddParameter): Name = "Power_Rating"; Value = ".1 W"; VariantName = "[No Variations]"
Add component (AddParameter): Name = "Resistance"; Value = "5.11K"; VariantName = "[No Variations]"
Add component (AddParameter): Name = "SnapEDA_Link"; Value = "https://www.snapeda.com/parts/RN73C2A5K11BTD/TE+Connectivity+Passive+Product/view-part/?ref=snap"; VariantName = "[No Variations]"
Add component (AddParameter): Name = "Tolerance"; Value = ".1%"; VariantName = "[No Variations]"
Add component (AddParameter): Name = "Value"; Value = ""; VariantName = "[No Variations]"
Added Component: Designator=R4(RESC2012X65N)
Add component (AddParameter): Name = "Check_prices"; Value = "https://www.snapeda.com/parts/RN73C2A5K11BTD/TE+Connectivity+Passive+Product/view-part/?ref=eda"; VariantName = "[No Variations]"
Add component (AddParameter): Name = "EU_RoHS_Compliance"; Value = "Compliant"; VariantName = "[No Variations]"
Add component (AddParameter): Name = "MF"; Value = "TE Connectivity"; VariantName = "[No Variations]"
Add component (AddParameter): Name = "MP"; Value = "RN73C2A5K11BTD"; VariantName = "[No Variations]"
Add component (AddParameter): Name = "Package"; Value = "0805"; VariantName = "[No Variations]"
Add component (AddParameter): Name = "Power_Rating"; Value = ".1 W"; VariantName = "[No Variations]"
Add component (AddParameter): Name = "Resistance"; Value = "5.11K"; VariantName = "[No Variations]"
Add component (AddParameter): Name = "SnapEDA_Link"; Value = "https://www.snapeda.com/parts/RN73C2A5K11BTD/TE+Connectivity+Passive+Product/view-part/?ref=snap"; VariantName = "[No Variations]"
Add component (AddParameter): Name = "Tolerance"; Value = ".1%"; VariantName = "[No Variations]"
Add component (AddParameter): Name = "Value"; Value = ""; VariantName = "[No Variations]"
Added Component: Designator=R5(RESC2012X65N)
Add component (AddParameter): Name = "Check_prices"; Value = "https://www.snapeda.com/parts/RN73C2A5K11BTD/TE+Connectivity+Passive+Product/view-part/?ref=eda"; VariantName = "[No Variations]"
Add component (AddParameter): Name = "EU_RoHS_Compliance"; Value = "Compliant"; VariantName = "[No Variations]"
Add component (AddParameter): Name = "MF"; Value = "TE Connectivity"; VariantName = "[No Variations]"
Add component (AddParameter): Name = "MP"; Value = "RN73C2A5K11BTD"; VariantName = "[No Variations]"
Add component (AddParameter): Name = "Package"; Value = "0805"; VariantName = "[No Variations]"
Add component (AddParameter): Name = "Power_Rating"; Value = ".1 W"; VariantName = "[No Variations]"
Add component (AddParameter): Name = "Resistance"; Value = "5.11K"; VariantName = "[No Variations]"
Add component (AddParameter): Name = "SnapEDA_Link"; Value = "https://www.snapeda.com/parts/RN73C2A5K11BTD/TE+Connectivity+Passive+Product/view-part/?ref=snap"; VariantName = "[No Variations]"
Add component (AddParameter): Name = "Tolerance"; Value = ".1%"; VariantName = "[No Variations]"
Add component (AddParameter): Name = "Value"; Value = ""; VariantName = "[No Variations]"
Added Component: Designator=R6(RESC2012X65N)
Add component (AddParameter): Name = "Check_prices"; Value = "https://www.snapeda.com/parts/RN73C2A5K11BTD/TE+Connectivity+Passive+Product/view-part/?ref=eda"; VariantName = "[No Variations]"
Add component (AddParameter): Name = "EU_RoHS_Compliance"; Value = "Compliant"; VariantName = "[No Variations]"
Add component (AddParameter): Name = "MF"; Value = "TE Connectivity"; VariantName = "[No Variations]"
Add component (AddParameter): Name = "MP"; Value = "RN73C2A5K11BTD"; VariantName = "[No Variations]"
Add component (AddParameter): Name = "Package"; Value = "0805"; VariantName = "[No Variations]"
Add component (AddParameter): Name = "Power_Rating"; Value = ".1 W"; VariantName = "[No Variations]"
Add component (AddParameter): Name = "Resistance"; Value = "5.11K"; VariantName = "[No Variations]"
Add component (AddParameter): Name = "SnapEDA_Link"; Value = "https://www.snapeda.com/parts/RN73C2A5K11BTD/TE+Connectivity+Passive+Product/view-part/?ref=snap"; VariantName = "[No Variations]"
Add component (AddParameter): Name = "Tolerance"; Value = ".1%"; VariantName = "[No Variations]"
Add component (AddParameter): Name = "Value"; Value = ""; VariantName = "[No Variations]"
Added Component: Designator=R7(RESC2012X65N)
Add component (AddParameter): Name = "Check_prices"; Value = "https://www.snapeda.com/parts/RN73C2A5K11BTD/TE+Connectivity+Passive+Product/view-part/?ref=eda"; VariantName = "[No Variations]"
Add component (AddParameter): Name = "EU_RoHS_Compliance"; Value = "Compliant"; VariantName = "[No Variations]"
Add component (AddParameter): Name = "MF"; Value = "TE Connectivity"; VariantName = "[No Variations]"
Add component (AddParameter): Name = "MP"; Value = "RN73C2A5K11BTD"; VariantName = "[No Variations]"
Add component (AddParameter): Name = "Package"; Value = "0805"; VariantName = "[No Variations]"
Add component (AddParameter): Name = "Power_Rating"; Value = ".1 W"; VariantName = "[No Variations]"
Add component (AddParameter): Name = "Resistance"; Value = "5.11K"; VariantName = "[No Variations]"
Add component (AddParameter): Name = "SnapEDA_Link"; Value = "https://www.snapeda.com/parts/RN73C2A5K11BTD/TE+Connectivity+Passive+Product/view-part/?ref=snap"; VariantName = "[No Variations]"
Add component (AddParameter): Name = "Tolerance"; Value = ".1%"; VariantName = "[No Variations]"
Add component (AddParameter): Name = "Value"; Value = ""; VariantName = "[No Variations]"
Added Component: Designator=R8(RESC2012X65N)
Add component (AddParameter): Name = "Check_prices"; Value = "https://www.snapeda.com/parts/RN73C2A5K11BTD/TE+Connectivity+Passive+Product/view-part/?ref=eda"; VariantName = "[No Variations]"
Add component (AddParameter): Name = "EU_RoHS_Compliance"; Value = "Compliant"; VariantName = "[No Variations]"
Add component (AddParameter): Name = "MF"; Value = "TE Connectivity"; VariantName = "[No Variations]"
Add component (AddParameter): Name = "MP"; Value = "RN73C2A5K11BTD"; VariantName = "[No Variations]"
Add component (AddParameter): Name = "Package"; Value = "0805"; VariantName = "[No Variations]"
Add component (AddParameter): Name = "Power_Rating"; Value = ".1 W"; VariantName = "[No Variations]"
Add component (AddParameter): Name = "Resistance"; Value = "5.11K"; VariantName = "[No Variations]"
Add component (AddParameter): Name = "SnapEDA_Link"; Value = "https://www.snapeda.com/parts/RN73C2A5K11BTD/TE+Connectivity+Passive+Product/view-part/?ref=snap"; VariantName = "[No Variations]"
Add component (AddParameter): Name = "Tolerance"; Value = ".1%"; VariantName = "[No Variations]"
Add component (AddParameter): Name = "Value"; Value = ""; VariantName = "[No Variations]"
Added Component: Designator=R9(RESC2012X65N)
Add component (AddParameter): Name = "Check_prices"; Value = "https://www.snapeda.com/parts/RN73C2A5K11BTD/TE+Connectivity+Passive+Product/view-part/?ref=eda"; VariantName = "[No Variations]"
Add component (AddParameter): Name = "EU_RoHS_Compliance"; Value = "Compliant"; VariantName = "[No Variations]"
Add component (AddParameter): Name = "MF"; Value = "TE Connectivity"; VariantName = "[No Variations]"
Add component (AddParameter): Name = "MP"; Value = "RN73C2A5K11BTD"; VariantName = "[No Variations]"
Add component (AddParameter): Name = "Package"; Value = "0805"; VariantName = "[No Variations]"
Add component (AddParameter): Name = "Power_Rating"; Value = ".1 W"; VariantName = "[No Variations]"
Add component (AddParameter): Name = "Resistance"; Value = "5.11K"; VariantName = "[No Variations]"
Add component (AddParameter): Name = "SnapEDA_Link"; Value = "https://www.snapeda.com/parts/RN73C2A5K11BTD/TE+Connectivity+Passive+Product/view-part/?ref=snap"; VariantName = "[No Variations]"
Add component (AddParameter): Name = "Tolerance"; Value = ".1%"; VariantName = "[No Variations]"
Add component (AddParameter): Name = "Value"; Value = ""; VariantName = "[No Variations]"
Added Component: Designator=RESET(Push Button)
Added Component: Designator=U1(XCVR_ESP32-C6-WROOM-1-N8)
Add component (AddParameter): Name = "Check_prices"; Value = "https://www.snapeda.com/parts/ESP32-C6-WROOM-1-N8/Espressif+Systems/view-part/?ref=eda"; VariantName = "[No Variations]"
Add component (AddParameter): Name = "MF"; Value = "Espressif Systems"; VariantName = "[No Variations]"
Add component (AddParameter): Name = "MP"; Value = "ESP32-C6-WROOM-1-N8"; VariantName = "[No Variations]"
Add component (AddParameter): Name = "Package"; Value = "SMD-28 Espressif Systems"; VariantName = "[No Variations]"
Add component (AddParameter): Name = "SnapEDA_Link"; Value = "https://www.snapeda.com/parts/ESP32-C6-WROOM-1-N8/Espressif+Systems/view-part/?ref=snap"; VariantName = "[No Variations]"
Add component (AddParameter): Name = "Value"; Value = ""; VariantName = "[No Variations]"
Added Component: Designator=U2(SOT229P700X180-4N)
Add component (AddParameter): Name = "Check_prices"; Value = "https://www.snapeda.com/parts/AMS1117-3.3/Advanced+Monolithic+Systems/view-part/?ref=eda"; VariantName = "[No Variations]"
Add component (AddParameter): Name = "MF"; Value = "Advanced Monolithic Systems"; VariantName = "[No Variations]"
Add component (AddParameter): Name = "MP"; Value = "AMS1117-3.3"; VariantName = "[No Variations]"
Add component (AddParameter): Name = "Package"; Value = "SOT-223 Seeed Technology"; VariantName = "[No Variations]"
Add component (AddParameter): Name = "SnapEDA_Link"; Value = "https://www.snapeda.com/parts/AMS1117-3.3/Advanced+Monolithic+Systems/view-part/?ref=snap"; VariantName = "[No Variations]"
Add component (AddParameter): Name = "Value"; Value = ""; VariantName = "[No Variations]"
Added Pin To Net: NetName=3V3 Pin=C3-2
Added Pin To Net: NetName=3V3 Pin=C4-2
Added Pin To Net: NetName=3V3 Pin=C8-2
Added Pin To Net: NetName=3V3 Pin=C9-2
Added Pin To Net: NetName=3V3 Pin=CON2-1
Added Pin To Net: NetName=3V3 Pin=J1-01
Added Pin To Net: NetName=3V3 Pin=R1-1
Added Pin To Net: NetName=3V3 Pin=R2-1
Added Pin To Net: NetName=3V3 Pin=R3-2
Added Pin To Net: NetName=3V3 Pin=R6-1
Added Pin To Net: NetName=3V3 Pin=R9-1
Added Pin To Net: NetName=3V3 Pin=U1-2
Added Pin To Net: NetName=3V3 Pin=U2-2
Added Net: Name=3V3
Added Pin To Net: NetName=5V Pin=C5-2
Added Pin To Net: NetName=5V Pin=C6-2
Added Pin To Net: NetName=5V Pin=C7-2
Added Pin To Net: NetName=5V Pin=D1-C
Added Pin To Net: NetName=5V Pin=K1-1
Added Pin To Net: NetName=5V Pin=M1-2
Added Pin To Net: NetName=5V Pin=U2-3
Added Net: Name=5V
Added Pin To Net: NetName=BOOT Pin=BOOT-1
Added Pin To Net: NetName=BOOT Pin=C2-2
Added Pin To Net: NetName=BOOT Pin=R2-2
Added Pin To Net: NetName=BOOT Pin=U1-15
Added Net: Name=BOOT
Added Pin To Net: NetName=EN Pin=C1-2
Added Pin To Net: NetName=EN Pin=R1-2
Added Pin To Net: NetName=EN Pin=RESET-1
Added Pin To Net: NetName=EN Pin=U1-3
Added Net: Name=EN
Added Pin To Net: NetName=GND Pin=BOOT-2
Added Pin To Net: NetName=GND Pin=C1-1
Added Pin To Net: NetName=GND Pin=C2-1
Added Pin To Net: NetName=GND Pin=C3-1
Added Pin To Net: NetName=GND Pin=C4-1
Added Pin To Net: NetName=GND Pin=C5-1
Added Pin To Net: NetName=GND Pin=C6-1
Added Pin To Net: NetName=GND Pin=C7-1
Added Pin To Net: NetName=GND Pin=C8-1
Added Pin To Net: NetName=GND Pin=C9-1
Added Pin To Net: NetName=GND Pin=J1-04
Added Pin To Net: NetName=GND Pin=LED1-C
Added Pin To Net: NetName=GND Pin=LED2-C
Added Pin To Net: NetName=GND Pin=M1-1
Added Pin To Net: NetName=GND Pin=Pairing-2
Added Pin To Net: NetName=GND Pin=Q1-2
Added Pin To Net: NetName=GND Pin=R5-1
Added Pin To Net: NetName=GND Pin=R7-2
Added Pin To Net: NetName=GND Pin=RESET-2
Added Pin To Net: NetName=GND Pin=U1-1
Added Pin To Net: NetName=GND Pin=U1-28
Added Pin To Net: NetName=GND Pin=U1-29_1
Added Pin To Net: NetName=GND Pin=U1-29_2
Added Pin To Net: NetName=GND Pin=U1-29_3
Added Pin To Net: NetName=GND Pin=U1-29_4
Added Pin To Net: NetName=GND Pin=U1-29_5
Added Pin To Net: NetName=GND Pin=U1-29_6
Added Pin To Net: NetName=GND Pin=U1-29_7
Added Pin To Net: NetName=GND Pin=U1-29_8
Added Pin To Net: NetName=GND Pin=U1-29_9
Added Pin To Net: NetName=GND Pin=U2-1
Added Net: Name=GND
Added Pin To Net: NetName=L_out Pin=CON3-1
Added Pin To Net: NetName=L_out Pin=K1-3
Added Net: Name=L_out
Added Pin To Net: NetName=LED Pin=R8-1
Added Pin To Net: NetName=LED Pin=U1-20
Added Net: Name=LED
Added Pin To Net: NetName=NetD1_A Pin=D1-A
Added Pin To Net: NetName=NetD1_A Pin=K1-2
Added Pin To Net: NetName=NetD1_A Pin=Q1-3
Added Net: Name=NetD1_A
Added Pin To Net: NetName=NetF1_2 Pin=F1-2
Added Pin To Net: NetName=NetF1_2 Pin=M1-4
Added Net: Name=NetF1_2
Added Pin To Net: NetName=NetLED1_A Pin=LED1-A
Added Pin To Net: NetName=NetLED1_A Pin=R9-2
Added Net: Name=NetLED1_A
Added Pin To Net: NetName=NetLED2_A Pin=LED2-A
Added Pin To Net: NetName=NetLED2_A Pin=R8-2
Added Net: Name=NetLED2_A
Added Pin To Net: NetName=NetQ1_1 Pin=Q1-1
Added Pin To Net: NetName=NetQ1_1 Pin=R4-2
Added Pin To Net: NetName=NetQ1_1 Pin=R5-2
Added Net: Name=NetQ1_1
Added Pin To Net: NetName=NetR3_1 Pin=R3-1
Added Pin To Net: NetName=NetR3_1 Pin=U1-10
Added Net: Name=NetR3_1
Added Pin To Net: NetName=NULL Pin=CON1-1
Added Pin To Net: NetName=NULL Pin=CON3-2
Added Pin To Net: NetName=NULL Pin=M1-3
Added Net: Name=NULL
Added Pin To Net: NetName=Pairing Pin=Pairing-1
Added Pin To Net: NetName=Pairing Pin=R6-2
Added Pin To Net: NetName=Pairing Pin=U1-21
Added Net: Name=Pairing
Added Pin To Net: NetName=Phase Pin=CON1-2
Added Pin To Net: NetName=Phase Pin=F1-1
Added Pin To Net: NetName=Phase Pin=K1-4
Added Net: Name=Phase
Added Pin To Net: NetName=Relay_Signal Pin=R4-1
Added Pin To Net: NetName=Relay_Signal Pin=U1-19
Added Net: Name=Relay_Signal
Added Pin To Net: NetName=RXD Pin=J1-02
Added Pin To Net: NetName=RXD Pin=U1-24
Added Net: Name=RXD
Added Pin To Net: NetName=S1 Pin=CON2-2
Added Pin To Net: NetName=S1 Pin=R7-1
Added Pin To Net: NetName=S1 Pin=U1-18
Added Net: Name=S1
Added Pin To Net: NetName=TXD Pin=J1-03
Added Pin To Net: NetName=TXD Pin=U1-25
Added Net: Name=TXD
Added Member To Class: ClassName=InWall_Schem2 Member=Component BOOT Push Button
Added Member To Class: ClassName=InWall_Schem2 Member=Component C1 100 nF
Added Member To Class: ClassName=InWall_Schem2 Member=Component C2 100 nF
Added Member To Class: ClassName=InWall_Schem2 Member=Component C3 100 nF/ 50V
Added Member To Class: ClassName=InWall_Schem2 Member=Component C4 10 uF/ 25V
Added Member To Class: ClassName=InWall_Schem2 Member=Component C5 100 nF/ 50V
Added Member To Class: ClassName=InWall_Schem2 Member=Component C6 100 nF
Added Member To Class: ClassName=InWall_Schem2 Member=Component C7 10 uF/ 25V
Added Member To Class: ClassName=InWall_Schem2 Member=Component C8 10 uF/ 25V
Added Member To Class: ClassName=InWall_Schem2 Member=Component C9 100 nF
Added Member To Class: ClassName=InWall_Schem2 Member=Component CON1 KF301-2P
Added Member To Class: ClassName=InWall_Schem2 Member=Component CON2 KF301-2P
Added Member To Class: ClassName=InWall_Schem2 Member=Component CON3 KF301-2P
Added Member To Class: ClassName=InWall_Schem2 Member=Component D1 1N4148WS
Added Member To Class: ClassName=InWall_Schem2 Member=Component F1 0697H1000-02
Added Member To Class: ClassName=InWall_Schem2 Member=Component J1 HTSW-104-07-G-S
Added Member To Class: ClassName=InWall_Schem2 Member=Component K1 HF49FD/005-1H12T
Added Member To Class: ClassName=InWall_Schem2 Member=Component LED1 LED_Power
Added Member To Class: ClassName=InWall_Schem2 Member=Component LED2 LED_Switch
Added Member To Class: ClassName=InWall_Schem2 Member=Component M1 WX_DC12003
Added Member To Class: ClassName=InWall_Schem2 Member=Component Pairing Push Button
Added Member To Class: ClassName=InWall_Schem2 Member=Component Q1 AO3400-5.8A
Added Member To Class: ClassName=InWall_Schem2 Member=Component R1 10K
Added Member To Class: ClassName=InWall_Schem2 Member=Component R2 10K
Added Member To Class: ClassName=InWall_Schem2 Member=Component R3 3.3K
Added Member To Class: ClassName=InWall_Schem2 Member=Component R4 100 Ohm
Added Member To Class: ClassName=InWall_Schem2 Member=Component R5 10K
Added Member To Class: ClassName=InWall_Schem2 Member=Component R6 10K
Added Member To Class: ClassName=InWall_Schem2 Member=Component R7 10K
Added Member To Class: ClassName=InWall_Schem2 Member=Component R8 330
Added Member To Class: ClassName=InWall_Schem2 Member=Component R9 330
Added Member To Class: ClassName=InWall_Schem2 Member=Component RESET Push Button
Added Member To Class: ClassName=InWall_Schem2 Member=Component U1 ESP32-C6-WROOM-1-N8
Added Member To Class: ClassName=InWall_Schem2 Member=Component U2 AMS1117-3.3
