Added Component: Designator=BOOT(Push Button)
Added Component: Designator=C1(CAPC2012X90N)
Add component (AddParameter): Name = "Check_prices"; Value = "https://www.snapeda.com/parts/VJ0805Y104KXXCW1BC/Vishay/view-part/?ref=eda"; VariantName = "[No Variations]"
Add component (AddParameter): Name = "MF"; Value = "Vishay Vitramon"; VariantName = "[No Variations]"
Add component (AddParameter): Name = "MP"; Value = "VJ0805Y104KXXCW1BC"; VariantName = "[No Variations]"
Add component (AddParameter): Name = "Package"; Value = "0805-2 VISHAY"; VariantName = "[No Variations]"
Add component (AddParameter): Name = "SnapEDA_Link"; Value = "https://www.snapeda.com/parts/VJ0805Y104KXXCW1BC/Vishay/view-part/?ref=snap"; VariantName = "[No Variations]"
Add component (AddParameter): Name = "Value"; Value = ""; VariantName = "[No Variations]"
Added Component: Designator=C2(CAPC2012X90N)
Add component (AddParameter): Name = "Check_prices"; Value = "https://www.snapeda.com/parts/VJ0805Y104KXXCW1BC/Vishay/view-part/?ref=eda"; VariantName = "[No Variations]"
Add component (AddParameter): Name = "MF"; Value = "Vishay Vitramon"; VariantName = "[No Variations]"
Add component (AddParameter): Name = "MP"; Value = "VJ0805Y104KXXCW1BC"; VariantName = "[No Variations]"
Add component (AddParameter): Name = "Package"; Value = "0805-2 VISHAY"; VariantName = "[No Variations]"
Add component (AddParameter): Name = "SnapEDA_Link"; Value = "https://www.snapeda.com/parts/VJ0805Y104KXXCW1BC/Vishay/view-part/?ref=snap"; VariantName = "[No Variations]"
Add component (AddParameter): Name = "Value"; Value = ""; VariantName = "[No Variations]"
Added Component: Designator=C3(CAPC2012X90N)
Add component (AddParameter): Name = "Check_prices"; Value = "https://www.snapeda.com/parts/VJ0805Y104KXXCW1BC/Vishay/view-part/?ref=eda"; VariantName = "[No Variations]"
Add component (AddParameter): Name = "MF"; Value = "Vishay Vitramon"; VariantName = "[No Variations]"
Add component (AddParameter): Name = "MP"; Value = "VJ0805Y104KXXCW1BC"; VariantName = "[No Variations]"
Add component (AddParameter): Name = "Package"; Value = "0805-2 VISHAY"; VariantName = "[No Variations]"
Add component (AddParameter): Name = "SnapEDA_Link"; Value = "https://www.snapeda.com/parts/VJ0805Y104KXXCW1BC/Vishay/view-part/?ref=snap"; VariantName = "[No Variations]"
Add component (AddParameter): Name = "Value"; Value = ""; VariantName = "[No Variations]"
Added Component: Designator=C4(CAPC2012X90N)
Add component (AddParameter): Name = "Check_prices"; Value = "https://www.snapeda.com/parts/VJ0805Y104KXXCW1BC/Vishay/view-part/?ref=eda"; VariantName = "[No Variations]"
Add component (AddParameter): Name = "MF"; Value = "Vishay Vitramon"; VariantName = "[No Variations]"
Add component (AddParameter): Name = "MP"; Value = "VJ0805Y104KXXCW1BC"; VariantName = "[No Variations]"
Add component (AddParameter): Name = "Package"; Value = "0805-2 VISHAY"; VariantName = "[No Variations]"
Add component (AddParameter): Name = "SnapEDA_Link"; Value = "https://www.snapeda.com/parts/VJ0805Y104KXXCW1BC/Vishay/view-part/?ref=snap"; VariantName = "[No Variations]"
Add component (AddParameter): Name = "Value"; Value = ""; VariantName = "[No Variations]"
Add Component: Footprint Not Found Cap electrolitic radial 8x11.5-3.5
Added Component: Designator=C6(CAPC2012X90N)
Add component (AddParameter): Name = "Check_prices"; Value = "https://www.snapeda.com/parts/VJ0805Y104KXXCW1BC/Vishay/view-part/?ref=eda"; VariantName = "[No Variations]"
Add component (AddParameter): Name = "MF"; Value = "Vishay Vitramon"; VariantName = "[No Variations]"
Add component (AddParameter): Name = "MP"; Value = "VJ0805Y104KXXCW1BC"; VariantName = "[No Variations]"
Add component (AddParameter): Name = "Package"; Value = "0805-2 VISHAY"; VariantName = "[No Variations]"
Add component (AddParameter): Name = "SnapEDA_Link"; Value = "https://www.snapeda.com/parts/VJ0805Y104KXXCW1BC/Vishay/view-part/?ref=snap"; VariantName = "[No Variations]"
Add component (AddParameter): Name = "Value"; Value = ""; VariantName = "[No Variations]"
Added Component: Designator=C7(CAPC2012X90N)
Add component (AddParameter): Name = "Check_prices"; Value = "https://www.snapeda.com/parts/VJ0805Y104KXXCW1BC/Vishay/view-part/?ref=eda"; VariantName = "[No Variations]"
Add component (AddParameter): Name = "MF"; Value = "Vishay Vitramon"; VariantName = "[No Variations]"
Add component (AddParameter): Name = "MP"; Value = "VJ0805Y104KXXCW1BC"; VariantName = "[No Variations]"
Add component (AddParameter): Name = "Package"; Value = "0805-2 VISHAY"; VariantName = "[No Variations]"
Add component (AddParameter): Name = "SnapEDA_Link"; Value = "https://www.snapeda.com/parts/VJ0805Y104KXXCW1BC/Vishay/view-part/?ref=snap"; VariantName = "[No Variations]"
Add component (AddParameter): Name = "Value"; Value = ""; VariantName = "[No Variations]"
Add Component: Footprint Not Found WCAP-ASLI_8x10.5
Added Component: Designator=C9(CAPC2012X90N)
Add component (AddParameter): Name = "Check_prices"; Value = "https://www.snapeda.com/parts/VJ0805Y104KXXCW1BC/Vishay/view-part/?ref=eda"; VariantName = "[No Variations]"
Add component (AddParameter): Name = "MF"; Value = "Vishay Vitramon"; VariantName = "[No Variations]"
Add component (AddParameter): Name = "MP"; Value = "VJ0805Y104KXXCW1BC"; VariantName = "[No Variations]"
Add component (AddParameter): Name = "Package"; Value = "0805-2 VISHAY"; VariantName = "[No Variations]"
Add component (AddParameter): Name = "SnapEDA_Link"; Value = "https://www.snapeda.com/parts/VJ0805Y104KXXCW1BC/Vishay/view-part/?ref=snap"; VariantName = "[No Variations]"
Add component (AddParameter): Name = "Value"; Value = ""; VariantName = "[No Variations]"
Added Component: Designator=C10(CAPC2012X90N)
Add component (AddParameter): Name = "Check_prices"; Value = "https://www.snapeda.com/parts/VJ0805Y104KXXCW1BC/Vishay/view-part/?ref=eda"; VariantName = "[No Variations]"
Add component (AddParameter): Name = "MF"; Value = "Vishay Vitramon"; VariantName = "[No Variations]"
Add component (AddParameter): Name = "MP"; Value = "VJ0805Y104KXXCW1BC"; VariantName = "[No Variations]"
Add component (AddParameter): Name = "Package"; Value = "0805-2 VISHAY"; VariantName = "[No Variations]"
Add component (AddParameter): Name = "SnapEDA_Link"; Value = "https://www.snapeda.com/parts/VJ0805Y104KXXCW1BC/Vishay/view-part/?ref=snap"; VariantName = "[No Variations]"
Add component (AddParameter): Name = "Value"; Value = ""; VariantName = "[No Variations]"
Added Component: Designator=C11(CAPC2012X90N)
Add component (AddParameter): Name = "Check_prices"; Value = "https://www.snapeda.com/parts/VJ0805Y104KXXCW1BC/Vishay/view-part/?ref=eda"; VariantName = "[No Variations]"
Add component (AddParameter): Name = "MF"; Value = "Vishay Vitramon"; VariantName = "[No Variations]"
Add component (AddParameter): Name = "MP"; Value = "VJ0805Y104KXXCW1BC"; VariantName = "[No Variations]"
Add component (AddParameter): Name = "Package"; Value = "0805-2 VISHAY"; VariantName = "[No Variations]"
Add component (AddParameter): Name = "SnapEDA_Link"; Value = "https://www.snapeda.com/parts/VJ0805Y104KXXCW1BC/Vishay/view-part/?ref=snap"; VariantName = "[No Variations]"
Add component (AddParameter): Name = "Value"; Value = ""; VariantName = "[No Variations]"
Added Component: Designator=C12(CAPC2012X90N)
Add component (AddParameter): Name = "Check_prices"; Value = "https://www.snapeda.com/parts/VJ0805Y104KXXCW1BC/Vishay/view-part/?ref=eda"; VariantName = "[No Variations]"
Add component (AddParameter): Name = "MF"; Value = "Vishay Vitramon"; VariantName = "[No Variations]"
Add component (AddParameter): Name = "MP"; Value = "VJ0805Y104KXXCW1BC"; VariantName = "[No Variations]"
Add component (AddParameter): Name = "Package"; Value = "0805-2 VISHAY"; VariantName = "[No Variations]"
Add component (AddParameter): Name = "SnapEDA_Link"; Value = "https://www.snapeda.com/parts/VJ0805Y104KXXCW1BC/Vishay/view-part/?ref=snap"; VariantName = "[No Variations]"
Add component (AddParameter): Name = "Value"; Value = ""; VariantName = "[No Variations]"
Added Component: Designator=CON1(TB_2)
Added Component: Designator=CON2(TB_2)
Added Component: Designator=CON3(TB_2)
Add Component: Footprint Not Found SODFL2512X100N
Added Component: Designator=D2(DIOAD1060W80L520D270)
Add component (AddParameter): Name = "Check_prices"; Value = "https://www.snapeda.com/parts/1N4007/NTE+Electronics/view-part/?ref=eda"; VariantName = "[No Variations]"
Add component (AddParameter): Name = "MF"; Value = "NTE Electronics, Inc."; VariantName = "[No Variations]"
Add component (AddParameter): Name = "MP"; Value = "1N4007"; VariantName = "[No Variations]"
Add component (AddParameter): Name = "Package"; Value = "DO-41 NTE Electronics"; VariantName = "[No Variations]"
Add component (AddParameter): Name = "SnapEDA_Link"; Value = "https://www.snapeda.com/parts/1N4007/NTE+Electronics/view-part/?ref=snap"; VariantName = "[No Variations]"
Add component (AddParameter): Name = "Value"; Value = ""; VariantName = "[No Variations]"
Added Component: Designator=D3(DIOAD1060W80L520D270)
Add component (AddParameter): Name = "Check_prices"; Value = "https://www.snapeda.com/parts/1N4007/NTE+Electronics/view-part/?ref=eda"; VariantName = "[No Variations]"
Add component (AddParameter): Name = "MF"; Value = "NTE Electronics, Inc."; VariantName = "[No Variations]"
Add component (AddParameter): Name = "MP"; Value = "1N4007"; VariantName = "[No Variations]"
Add component (AddParameter): Name = "Package"; Value = "DO-41 NTE Electronics"; VariantName = "[No Variations]"
Add component (AddParameter): Name = "SnapEDA_Link"; Value = "https://www.snapeda.com/parts/1N4007/NTE+Electronics/view-part/?ref=snap"; VariantName = "[No Variations]"
Add component (AddParameter): Name = "Value"; Value = ""; VariantName = "[No Variations]"
Added Component: Designator=D4(DIOAD1060W80L520D270)
Add component (AddParameter): Name = "Check_prices"; Value = "https://www.snapeda.com/parts/1N4007/NTE+Electronics/view-part/?ref=eda"; VariantName = "[No Variations]"
Add component (AddParameter): Name = "MF"; Value = "NTE Electronics, Inc."; VariantName = "[No Variations]"
Add component (AddParameter): Name = "MP"; Value = "1N4007"; VariantName = "[No Variations]"
Add component (AddParameter): Name = "Package"; Value = "DO-41 NTE Electronics"; VariantName = "[No Variations]"
Add component (AddParameter): Name = "SnapEDA_Link"; Value = "https://www.snapeda.com/parts/1N4007/NTE+Electronics/view-part/?ref=snap"; VariantName = "[No Variations]"
Add component (AddParameter): Name = "Value"; Value = ""; VariantName = "[No Variations]"
Added Component: Designator=D5(DIOAD1060W80L520D270)
Add component (AddParameter): Name = "Check_prices"; Value = "https://www.snapeda.com/parts/1N4007/NTE+Electronics/view-part/?ref=eda"; VariantName = "[No Variations]"
Add component (AddParameter): Name = "MF"; Value = "NTE Electronics, Inc."; VariantName = "[No Variations]"
Add component (AddParameter): Name = "MP"; Value = "1N4007"; VariantName = "[No Variations]"
Add component (AddParameter): Name = "Package"; Value = "DO-41 NTE Electronics"; VariantName = "[No Variations]"
Add component (AddParameter): Name = "SnapEDA_Link"; Value = "https://www.snapeda.com/parts/1N4007/NTE+Electronics/view-part/?ref=snap"; VariantName = "[No Variations]"
Add component (AddParameter): Name = "Value"; Value = ""; VariantName = "[No Variations]"
Add Component: Footprint Not Found SODFL3718X102N
Add Component: Footprint Not Found DIOM5226X240N
Added Component: Designator=F1(FUSAD2668W81L2100D550)
Add component (AddParameter): Name = "Check_prices"; Value = "https://www.snapeda.com/parts/5SFP%201-R/Bel+Circuit+Protection/view-part/?ref=eda"; VariantName = "[No Variations]"
Add component (AddParameter): Name = "MF"; Value = "Bel Fuse"; VariantName = "[No Variations]"
Add component (AddParameter): Name = "MP"; Value = "5SFP 1-R"; VariantName = "[No Variations]"
Add component (AddParameter): Name = "Package"; Value = "5mm-20 Bel Fuse Inc."; VariantName = "[No Variations]"
Add component (AddParameter): Name = "SnapEDA_Link"; Value = "https://www.snapeda.com/parts/5SFP%201-R/Bel+Circuit+Protection/view-part/?ref=snap"; VariantName = "[No Variations]"
Add component (AddParameter): Name = "Value"; Value = ""; VariantName = "[No Variations]"
Added Component: Designator=J1(SAMTEC_HTSW-104-07-G-S)
Add component (AddParameter): Name = "Availability"; Value = "Unavailable"; VariantName = "[No Variations]"
Add component (AddParameter): Name = "MF"; Value = ""; VariantName = "[No Variations]"
Add component (AddParameter): Name = "MP"; Value = "HTSW-104-07-G-S"; VariantName = "[No Variations]"
Add component (AddParameter): Name = "Package"; Value = "None"; VariantName = "[No Variations]"
Add component (AddParameter): Name = "Price"; Value = "None"; VariantName = "[No Variations]"
Add component (AddParameter): Name = "Value"; Value = ""; VariantName = "[No Variations]"
Added Component: Designator=K1(RELAY_HF49FD/005-1H12T)
Add component (AddParameter): Name = "Availability"; Value = "Unavailable"; VariantName = "[No Variations]"
Add component (AddParameter): Name = "MF"; Value = "Hongfa"; VariantName = "[No Variations]"
Add component (AddParameter): Name = "MP"; Value = "HF49FD/005-1H12T"; VariantName = "[No Variations]"
Add component (AddParameter): Name = "Package"; Value = "None"; VariantName = "[No Variations]"
Add component (AddParameter): Name = "Price"; Value = "None"; VariantName = "[No Variations]"
Add component (AddParameter): Name = "SnapEDA_Link"; Value = "https://www.snapeda.com/parts/HF49FD/005-1H12T/Hongfa/view-part/2753221/?ref=snap"; VariantName = "[No Variations]"
Add component (AddParameter): Name = "Value"; Value = ""; VariantName = "[No Variations]"
Add Component: Footprint Not Found INDM125125X800N
Added Component: Designator=LED1(LEDRD254W50D305H520P)
Add component (AddParameter): Name = "Check_prices"; Value = "https://www.snapeda.com/parts/OVLAW4CB7/TT+Electronics%252FOptek/view-part/?ref=eda"; VariantName = "[No Variations]"
Add component (AddParameter): Name = "MF"; Value = "TT Electronics/Optek"; VariantName = "[No Variations]"
Add component (AddParameter): Name = "MP"; Value = "OVLAW4CB7"; VariantName = "[No Variations]"
Add component (AddParameter): Name = "Package"; Value = "Package"; VariantName = "[No Variations]"
Add component (AddParameter): Name = "SnapEDA_Link"; Value = "https://www.snapeda.com/parts/OVLAW4CB7/TT+Electronics%252FOptek/view-part/?ref=snap"; VariantName = "[No Variations]"
Add component (AddParameter): Name = "Value"; Value = ""; VariantName = "[No Variations]"
Added Component: Designator=LED2(LEDRD254W50D305H520P)
Add component (AddParameter): Name = "Check_prices"; Value = "https://www.snapeda.com/parts/OVLAW4CB7/TT+Electronics%252FOptek/view-part/?ref=eda"; VariantName = "[No Variations]"
Add component (AddParameter): Name = "MF"; Value = "TT Electronics/Optek"; VariantName = "[No Variations]"
Add component (AddParameter): Name = "MP"; Value = "OVLAW4CB7"; VariantName = "[No Variations]"
Add component (AddParameter): Name = "Package"; Value = "Package"; VariantName = "[No Variations]"
Add component (AddParameter): Name = "SnapEDA_Link"; Value = "https://www.snapeda.com/parts/OVLAW4CB7/TT+Electronics%252FOptek/view-part/?ref=snap"; VariantName = "[No Variations]"
Add component (AddParameter): Name = "Value"; Value = ""; VariantName = "[No Variations]"
Added Component: Designator=Pairing(Push Button)
Added Component: Designator=Q1(SOT95P260X140-3N)
Add component (AddParameter): Name = "Availability"; Value = "Unavailable"; VariantName = "[No Variations]"
Add component (AddParameter): Name = "MF"; Value = "{'manufacturer': u'MDD'}"; VariantName = "[No Variations]"
Add component (AddParameter): Name = "MP"; Value = "AO3400-5.8A"; VariantName = "[No Variations]"
Add component (AddParameter): Name = "Package"; Value = "None"; VariantName = "[No Variations]"
Add component (AddParameter): Name = "Price"; Value = "None"; VariantName = "[No Variations]"
Add component (AddParameter): Name = "Value"; Value = ""; VariantName = "[No Variations]"
Added Component: Designator=R1(RESC2012X65N)
Add component (AddParameter): Name = "Check_prices"; Value = "https://www.snapeda.com/parts/RN73C2A5K11BTD/TE+Connectivity+Passive+Product/view-part/?ref=eda"; VariantName = "[No Variations]"
Add component (AddParameter): Name = "EU_RoHS_Compliance"; Value = "Compliant"; VariantName = "[No Variations]"
Add component (AddParameter): Name = "MF"; Value = "TE Connectivity"; VariantName = "[No Variations]"
Add component (AddParameter): Name = "MP"; Value = "RN73C2A5K11BTD"; VariantName = "[No Variations]"
Add component (AddParameter): Name = "Package"; Value = "0805"; VariantName = "[No Variations]"
Add component (AddParameter): Name = "Power_Rating"; Value = ".1 W"; VariantName = "[No Variations]"
Add component (AddParameter): Name = "Resistance"; Value = "5.11K"; VariantName = "[No Variations]"
Add component (AddParameter): Name = "SnapEDA_Link"; Value = "https://www.snapeda.com/parts/RN73C2A5K11BTD/TE+Connectivity+Passive+Product/view-part/?ref=snap"; VariantName = "[No Variations]"
Add component (AddParameter): Name = "Tolerance"; Value = ".1%"; VariantName = "[No Variations]"
Add component (AddParameter): Name = "Value"; Value = ""; VariantName = "[No Variations]"
Added Component: Designator=R2(RESC2012X65N)
Add component (AddParameter): Name = "Check_prices"; Value = "https://www.snapeda.com/parts/RN73C2A5K11BTD/TE+Connectivity+Passive+Product/view-part/?ref=eda"; VariantName = "[No Variations]"
Add component (AddParameter): Name = "EU_RoHS_Compliance"; Value = "Compliant"; VariantName = "[No Variations]"
Add component (AddParameter): Name = "MF"; Value = "TE Connectivity"; VariantName = "[No Variations]"
Add component (AddParameter): Name = "MP"; Value = "RN73C2A5K11BTD"; VariantName = "[No Variations]"
Add component (AddParameter): Name = "Package"; Value = "0805"; VariantName = "[No Variations]"
Add component (AddParameter): Name = "Power_Rating"; Value = ".1 W"; VariantName = "[No Variations]"
Add component (AddParameter): Name = "Resistance"; Value = "5.11K"; VariantName = "[No Variations]"
Add component (AddParameter): Name = "SnapEDA_Link"; Value = "https://www.snapeda.com/parts/RN73C2A5K11BTD/TE+Connectivity+Passive+Product/view-part/?ref=snap"; VariantName = "[No Variations]"
Add component (AddParameter): Name = "Tolerance"; Value = ".1%"; VariantName = "[No Variations]"
Add component (AddParameter): Name = "Value"; Value = ""; VariantName = "[No Variations]"
Added Component: Designator=R3(RESC2012X65N)
Add component (AddParameter): Name = "Check_prices"; Value = "https://www.snapeda.com/parts/RN73C2A5K11BTD/TE+Connectivity+Passive+Product/view-part/?ref=eda"; VariantName = "[No Variations]"
Add component (AddParameter): Name = "EU_RoHS_Compliance"; Value = "Compliant"; VariantName = "[No Variations]"
Add component (AddParameter): Name = "MF"; Value = "TE Connectivity"; VariantName = "[No Variations]"
Add component (AddParameter): Name = "MP"; Value = "RN73C2A5K11BTD"; VariantName = "[No Variations]"
Add component (AddParameter): Name = "Package"; Value = "0805"; VariantName = "[No Variations]"
Add component (AddParameter): Name = "Power_Rating"; Value = ".1 W"; VariantName = "[No Variations]"
Add component (AddParameter): Name = "Resistance"; Value = "5.11K"; VariantName = "[No Variations]"
Add component (AddParameter): Name = "SnapEDA_Link"; Value = "https://www.snapeda.com/parts/RN73C2A5K11BTD/TE+Connectivity+Passive+Product/view-part/?ref=snap"; VariantName = "[No Variations]"
Add component (AddParameter): Name = "Tolerance"; Value = ".1%"; VariantName = "[No Variations]"
Add component (AddParameter): Name = "Value"; Value = ""; VariantName = "[No Variations]"
Added Component: Designator=R4(RESC2012X65N)
Add component (AddParameter): Name = "Check_prices"; Value = "https://www.snapeda.com/parts/RN73C2A5K11BTD/TE+Connectivity+Passive+Product/view-part/?ref=eda"; VariantName = "[No Variations]"
Add component (AddParameter): Name = "EU_RoHS_Compliance"; Value = "Compliant"; VariantName = "[No Variations]"
Add component (AddParameter): Name = "MF"; Value = "TE Connectivity"; VariantName = "[No Variations]"
Add component (AddParameter): Name = "MP"; Value = "RN73C2A5K11BTD"; VariantName = "[No Variations]"
Add component (AddParameter): Name = "Package"; Value = "0805"; VariantName = "[No Variations]"
Add component (AddParameter): Name = "Power_Rating"; Value = ".1 W"; VariantName = "[No Variations]"
Add component (AddParameter): Name = "Resistance"; Value = "5.11K"; VariantName = "[No Variations]"
Add component (AddParameter): Name = "SnapEDA_Link"; Value = "https://www.snapeda.com/parts/RN73C2A5K11BTD/TE+Connectivity+Passive+Product/view-part/?ref=snap"; VariantName = "[No Variations]"
Add component (AddParameter): Name = "Tolerance"; Value = ".1%"; VariantName = "[No Variations]"
Add component (AddParameter): Name = "Value"; Value = ""; VariantName = "[No Variations]"
Added Component: Designator=R5(RESC2012X65N)
Add component (AddParameter): Name = "Check_prices"; Value = "https://www.snapeda.com/parts/RN73C2A5K11BTD/TE+Connectivity+Passive+Product/view-part/?ref=eda"; VariantName = "[No Variations]"
Add component (AddParameter): Name = "EU_RoHS_Compliance"; Value = "Compliant"; VariantName = "[No Variations]"
Add component (AddParameter): Name = "MF"; Value = "TE Connectivity"; VariantName = "[No Variations]"
Add component (AddParameter): Name = "MP"; Value = "RN73C2A5K11BTD"; VariantName = "[No Variations]"
Add component (AddParameter): Name = "Package"; Value = "0805"; VariantName = "[No Variations]"
Add component (AddParameter): Name = "Power_Rating"; Value = ".1 W"; VariantName = "[No Variations]"
Add component (AddParameter): Name = "Resistance"; Value = "5.11K"; VariantName = "[No Variations]"
Add component (AddParameter): Name = "SnapEDA_Link"; Value = "https://www.snapeda.com/parts/RN73C2A5K11BTD/TE+Connectivity+Passive+Product/view-part/?ref=snap"; VariantName = "[No Variations]"
Add component (AddParameter): Name = "Tolerance"; Value = ".1%"; VariantName = "[No Variations]"
Add component (AddParameter): Name = "Value"; Value = ""; VariantName = "[No Variations]"
Added Component: Designator=R6(RESC2012X65N)
Add component (AddParameter): Name = "Check_prices"; Value = "https://www.snapeda.com/parts/RN73C2A5K11BTD/TE+Connectivity+Passive+Product/view-part/?ref=eda"; VariantName = "[No Variations]"
Add component (AddParameter): Name = "EU_RoHS_Compliance"; Value = "Compliant"; VariantName = "[No Variations]"
Add component (AddParameter): Name = "MF"; Value = "TE Connectivity"; VariantName = "[No Variations]"
Add component (AddParameter): Name = "MP"; Value = "RN73C2A5K11BTD"; VariantName = "[No Variations]"
Add component (AddParameter): Name = "Package"; Value = "0805"; VariantName = "[No Variations]"
Add component (AddParameter): Name = "Power_Rating"; Value = ".1 W"; VariantName = "[No Variations]"
Add component (AddParameter): Name = "Resistance"; Value = "5.11K"; VariantName = "[No Variations]"
Add component (AddParameter): Name = "SnapEDA_Link"; Value = "https://www.snapeda.com/parts/RN73C2A5K11BTD/TE+Connectivity+Passive+Product/view-part/?ref=snap"; VariantName = "[No Variations]"
Add component (AddParameter): Name = "Tolerance"; Value = ".1%"; VariantName = "[No Variations]"
Add component (AddParameter): Name = "Value"; Value = ""; VariantName = "[No Variations]"
Add Component: Footprint Not Found SMD_805_Res
Add Component: Footprint Not Found SMD_805_Res
Added Component: Designator=R9(RESC2012X65N)
Add component (AddParameter): Name = "Check_prices"; Value = "https://www.snapeda.com/parts/RN73C2A5K11BTD/TE+Connectivity+Passive+Product/view-part/?ref=eda"; VariantName = "[No Variations]"
Add component (AddParameter): Name = "EU_RoHS_Compliance"; Value = "Compliant"; VariantName = "[No Variations]"
Add component (AddParameter): Name = "MF"; Value = "TE Connectivity"; VariantName = "[No Variations]"
Add component (AddParameter): Name = "MP"; Value = "RN73C2A5K11BTD"; VariantName = "[No Variations]"
Add component (AddParameter): Name = "Package"; Value = "0805"; VariantName = "[No Variations]"
Add component (AddParameter): Name = "Power_Rating"; Value = ".1 W"; VariantName = "[No Variations]"
Add component (AddParameter): Name = "Resistance"; Value = "5.11K"; VariantName = "[No Variations]"
Add component (AddParameter): Name = "SnapEDA_Link"; Value = "https://www.snapeda.com/parts/RN73C2A5K11BTD/TE+Connectivity+Passive+Product/view-part/?ref=snap"; VariantName = "[No Variations]"
Add component (AddParameter): Name = "Tolerance"; Value = ".1%"; VariantName = "[No Variations]"
Add component (AddParameter): Name = "Value"; Value = ""; VariantName = "[No Variations]"
Added Component: Designator=R10(RESC2012X65N)
Add component (AddParameter): Name = "Check_prices"; Value = "https://www.snapeda.com/parts/RN73C2A5K11BTD/TE+Connectivity+Passive+Product/view-part/?ref=eda"; VariantName = "[No Variations]"
Add component (AddParameter): Name = "EU_RoHS_Compliance"; Value = "Compliant"; VariantName = "[No Variations]"
Add component (AddParameter): Name = "MF"; Value = "TE Connectivity"; VariantName = "[No Variations]"
Add component (AddParameter): Name = "MP"; Value = "RN73C2A5K11BTD"; VariantName = "[No Variations]"
Add component (AddParameter): Name = "Package"; Value = "0805"; VariantName = "[No Variations]"
Add component (AddParameter): Name = "Power_Rating"; Value = ".1 W"; VariantName = "[No Variations]"
Add component (AddParameter): Name = "Resistance"; Value = "5.11K"; VariantName = "[No Variations]"
Add component (AddParameter): Name = "SnapEDA_Link"; Value = "https://www.snapeda.com/parts/RN73C2A5K11BTD/TE+Connectivity+Passive+Product/view-part/?ref=snap"; VariantName = "[No Variations]"
Add component (AddParameter): Name = "Tolerance"; Value = ".1%"; VariantName = "[No Variations]"
Add component (AddParameter): Name = "Value"; Value = ""; VariantName = "[No Variations]"
Added Component: Designator=R11(RESC2012X65N)
Add component (AddParameter): Name = "Check_prices"; Value = "https://www.snapeda.com/parts/RN73C2A5K11BTD/TE+Connectivity+Passive+Product/view-part/?ref=eda"; VariantName = "[No Variations]"
Add component (AddParameter): Name = "EU_RoHS_Compliance"; Value = "Compliant"; VariantName = "[No Variations]"
Add component (AddParameter): Name = "MF"; Value = "TE Connectivity"; VariantName = "[No Variations]"
Add component (AddParameter): Name = "MP"; Value = "RN73C2A5K11BTD"; VariantName = "[No Variations]"
Add component (AddParameter): Name = "Package"; Value = "0805"; VariantName = "[No Variations]"
Add component (AddParameter): Name = "Power_Rating"; Value = ".1 W"; VariantName = "[No Variations]"
Add component (AddParameter): Name = "Resistance"; Value = "5.11K"; VariantName = "[No Variations]"
Add component (AddParameter): Name = "SnapEDA_Link"; Value = "https://www.snapeda.com/parts/RN73C2A5K11BTD/TE+Connectivity+Passive+Product/view-part/?ref=snap"; VariantName = "[No Variations]"
Add component (AddParameter): Name = "Tolerance"; Value = ".1%"; VariantName = "[No Variations]"
Add component (AddParameter): Name = "Value"; Value = ""; VariantName = "[No Variations]"
Added Component: Designator=RESET(Push Button)
Added Component: Designator=U1(XCVR_ESP32-C6-WROOM-1-N8)
Add component (AddParameter): Name = "Check_prices"; Value = "https://www.snapeda.com/parts/ESP32-C6-WROOM-1-N8/Espressif+Systems/view-part/?ref=eda"; VariantName = "[No Variations]"
Add component (AddParameter): Name = "MF"; Value = "Espressif Systems"; VariantName = "[No Variations]"
Add component (AddParameter): Name = "MP"; Value = "ESP32-C6-WROOM-1-N8"; VariantName = "[No Variations]"
Add component (AddParameter): Name = "Package"; Value = "SMD-28 Espressif Systems"; VariantName = "[No Variations]"
Add component (AddParameter): Name = "SnapEDA_Link"; Value = "https://www.snapeda.com/parts/ESP32-C6-WROOM-1-N8/Espressif+Systems/view-part/?ref=snap"; VariantName = "[No Variations]"
Add component (AddParameter): Name = "Value"; Value = ""; VariantName = "[No Variations]"
Added Component: Designator=U2(BP2525)
Added Component: Designator=U3(SOT229P700X180-4N)
Add component (AddParameter): Name = "Check_prices"; Value = "https://www.snapeda.com/parts/AMS1117-3.3/Advanced+Monolithic+Systems/view-part/?ref=eda"; VariantName = "[No Variations]"
Add component (AddParameter): Name = "MF"; Value = "Advanced Monolithic Systems"; VariantName = "[No Variations]"
Add component (AddParameter): Name = "MP"; Value = "AMS1117-3.3"; VariantName = "[No Variations]"
Add component (AddParameter): Name = "Package"; Value = "SOT-223 Seeed Technology"; VariantName = "[No Variations]"
Add component (AddParameter): Name = "SnapEDA_Link"; Value = "https://www.snapeda.com/parts/AMS1117-3.3/Advanced+Monolithic+Systems/view-part/?ref=snap"; VariantName = "[No Variations]"
Add component (AddParameter): Name = "Value"; Value = ""; VariantName = "[No Variations]"
Added Pin To Net: NetName=3V3 Pin=C3-2
Added Pin To Net: NetName=3V3 Pin=C4-2
Added Pin To Net: NetName=3V3 Pin=C11-2
Added Pin To Net: NetName=3V3 Pin=C12-2
Added Pin To Net: NetName=3V3 Pin=CON1-1
Added Pin To Net: NetName=3V3 Pin=J1-01
Added Pin To Net: NetName=3V3 Pin=R1-1
Added Pin To Net: NetName=3V3 Pin=R2-1
Added Pin To Net: NetName=3V3 Pin=R4-2
Added Pin To Net: NetName=3V3 Pin=R9-1
Added Pin To Net: NetName=3V3 Pin=R10-1
Added Pin To Net: NetName=3V3 Pin=U1-2
Added Pin To Net: NetName=3V3 Pin=U3-2
Added Net: Name=3V3
Added Pin To Net: NetName=5V Pin=C7-2
Added Pin To Net: NetName=5V Pin=C9-2
Added Pin To Net: NetName=5V Pin=C10-2
Added Pin To Net: NetName=5V Pin=K1-1
Added Pin To Net: NetName=5V Pin=U3-3
Added Net: Name=5V
Added Pin To Net: NetName=BOOT Pin=BOOT-1
Added Pin To Net: NetName=BOOT Pin=C2-2
Added Pin To Net: NetName=BOOT Pin=R2-2
Added Pin To Net: NetName=BOOT Pin=U1-15
Added Net: Name=BOOT
Added Pin To Net: NetName=Drain Pin=D2-C
Added Pin To Net: NetName=Drain Pin=D3-C
Added Pin To Net: NetName=Drain Pin=U2-4
Added Pin To Net: NetName=Drain Pin=U2-4
Added Net: Name=Drain
Added Pin To Net: NetName=EN Pin=C1-2
Added Pin To Net: NetName=EN Pin=R1-2
Added Pin To Net: NetName=EN Pin=RESET-1
Added Pin To Net: NetName=EN Pin=U1-3
Added Net: Name=EN
Added Pin To Net: NetName=GND Pin=BOOT-2
Added Pin To Net: NetName=GND Pin=C1-1
Added Pin To Net: NetName=GND Pin=C2-1
Added Pin To Net: NetName=GND Pin=C3-1
Added Pin To Net: NetName=GND Pin=C4-1
Added Pin To Net: NetName=GND Pin=C7-1
Added Pin To Net: NetName=GND Pin=C9-1
Added Pin To Net: NetName=GND Pin=C10-1
Added Pin To Net: NetName=GND Pin=C11-1
Added Pin To Net: NetName=GND Pin=C12-1
Added Pin To Net: NetName=GND Pin=D4-A
Added Pin To Net: NetName=GND Pin=D5-A
Added Pin To Net: NetName=GND Pin=J1-04
Added Pin To Net: NetName=GND Pin=LED1-C
Added Pin To Net: NetName=GND Pin=LED2-C
Added Pin To Net: NetName=GND Pin=Pairing-2
Added Pin To Net: NetName=GND Pin=Q1-2
Added Pin To Net: NetName=GND Pin=R3-2
Added Pin To Net: NetName=GND Pin=R6-1
Added Pin To Net: NetName=GND Pin=RESET-2
Added Pin To Net: NetName=GND Pin=U1-1
Added Pin To Net: NetName=GND Pin=U1-28
Added Pin To Net: NetName=GND Pin=U1-29_1
Added Pin To Net: NetName=GND Pin=U1-29_2
Added Pin To Net: NetName=GND Pin=U1-29_3
Added Pin To Net: NetName=GND Pin=U1-29_4
Added Pin To Net: NetName=GND Pin=U1-29_5
Added Pin To Net: NetName=GND Pin=U1-29_6
Added Pin To Net: NetName=GND Pin=U1-29_7
Added Pin To Net: NetName=GND Pin=U1-29_8
Added Pin To Net: NetName=GND Pin=U1-29_9
Added Pin To Net: NetName=GND Pin=U2-2
Added Pin To Net: NetName=GND Pin=U3-1
Added Net: Name=GND
Added Pin To Net: NetName=L_out Pin=CON2-1
Added Pin To Net: NetName=L_out Pin=K1-3
Added Net: Name=L_out
Added Pin To Net: NetName=LED Pin=R11-1
Added Pin To Net: NetName=LED Pin=U1-20
Added Net: Name=LED
Added Pin To Net: NetName=NetC6_1 Pin=C6-1
Added Pin To Net: NetName=NetC6_1 Pin=U2-3
Added Net: Name=NetC6_1
Added Pin To Net: NetName=NetC6_2 Pin=C6-2
Added Pin To Net: NetName=NetC6_2 Pin=U2-1
Added Net: Name=NetC6_2
Added Pin To Net: NetName=NetD1_A Pin=K1-2
Added Pin To Net: NetName=NetD1_A Pin=Q1-3
Added Net: Name=NetD1_A
Added Pin To Net: NetName=NetD2_A Pin=D2-A
Added Pin To Net: NetName=NetD2_A Pin=D4-C
Added Pin To Net: NetName=NetD2_A Pin=F1-2
Added Net: Name=NetD2_A
Added Pin To Net: NetName=NetLED1_A Pin=LED1-A
Added Pin To Net: NetName=NetLED1_A Pin=R9-2
Added Net: Name=NetLED1_A
Added Pin To Net: NetName=NetLED2_A Pin=LED2-A
Added Pin To Net: NetName=NetLED2_A Pin=R11-2
Added Net: Name=NetLED2_A
Added Pin To Net: NetName=NetQ1_1 Pin=Q1-1
Added Pin To Net: NetName=NetQ1_1 Pin=R5-2
Added Pin To Net: NetName=NetQ1_1 Pin=R6-2
Added Net: Name=NetQ1_1
Added Pin To Net: NetName=NetR4_1 Pin=R4-1
Added Pin To Net: NetName=NetR4_1 Pin=U1-10
Added Net: Name=NetR4_1
Added Pin To Net: NetName=NetR7_1 Pin=U2-5
Added Net: Name=NetR7_1
Added Pin To Net: NetName=NULL Pin=CON2-2
Added Pin To Net: NetName=NULL Pin=CON3-1
Added Pin To Net: NetName=NULL Pin=D3-A
Added Pin To Net: NetName=NULL Pin=D5-C
Added Net: Name=NULL
Added Pin To Net: NetName=Pairing Pin=Pairing-1
Added Pin To Net: NetName=Pairing Pin=R10-2
Added Pin To Net: NetName=Pairing Pin=U1-21
Added Net: Name=Pairing
Added Pin To Net: NetName=Phase Pin=CON3-2
Added Pin To Net: NetName=Phase Pin=F1-1
Added Pin To Net: NetName=Phase Pin=K1-4
Added Net: Name=Phase
Added Pin To Net: NetName=Relay_Signal Pin=R5-1
Added Pin To Net: NetName=Relay_Signal Pin=U1-19
Added Net: Name=Relay_Signal
Added Pin To Net: NetName=RXD Pin=J1-02
Added Pin To Net: NetName=RXD Pin=U1-24
Added Net: Name=RXD
Added Pin To Net: NetName=S1 Pin=CON1-2
Added Pin To Net: NetName=S1 Pin=R3-1
Added Pin To Net: NetName=S1 Pin=U1-18
Added Net: Name=S1
Added Pin To Net: NetName=TXD Pin=J1-03
Added Pin To Net: NetName=TXD Pin=U1-25
Added Net: Name=TXD
Added Class: Name=InWall_Schem
