Removed Pin From Net: NetName=GND Pin=J1-A1
Removed Pin From Net: NetName=VBUS Pin=J1-A4
Removed Pin From Net: NetName=VBUS Pin=J1-A9
Removed Pin From Net: NetName=GND Pin=J1-A12
Removed Pin From Net: NetName=GND Pin=J1-B1
Removed Pin From Net: NetName=VBUS Pin=J1-B4
Removed Pin From Net: NetName=VBUS Pin=J1-B9
Removed Pin From Net: NetName=GND Pin=J1-B12
Removed Pin From Net: NetName=GND Pin=J1-S1
Removed Pin From Net: NetName=GND Pin=J1-S2
Removed Pin From Net: NetName=GND Pin=J1-S3
Removed Pin From Net: NetName=GND Pin=J1-S4
Removed Pin From Net: NetName=GND Pin=R5-1
Removed Pin From Net: NetName=GND Pin=R6-1
Removed Member From Class: ClassName=zigo_schem Member=R5
Removed Member From Class: ClassName=zigo_schem Member=R6
Added Component: Designator=DC(GCT_DCJ200-10-A-XX-K_REVA)
Add component (AddParameter): Name = "Check_prices"; Value = "https://www.snapeda.com/parts/DCJ200-10-A-K1-K/Global+Connector+Technology/view-part/?ref=eda"; VariantName = "[No Variations]"
Add component (AddParameter): Name = "MF"; Value = "Global Connector Technology"; VariantName = "[No Variations]"
Add component (AddParameter): Name = "MP"; Value = "DCJ200-10-A-K1-K"; VariantName = "[No Variations]"
Add component (AddParameter): Name = "Package"; Value = "None"; VariantName = "[No Variations]"
Add component (AddParameter): Name = "SnapEDA_Link"; Value = "https://www.snapeda.com/parts/DCJ200-10-A-K1-K/Global+Connector+Technology/view-part/?ref=snap"; VariantName = "[No Variations]"
Add component (AddParameter): Name = "Value"; Value = ""; VariantName = "[No Variations]"
Add Pin To Net: Unknown Pin: Pin cc-29
Added Pin To Net: NetName=VBUS Pin=DC-1
Added Pin To Net: NetName=GND Pin=DC-2
Added Pin To Net: NetName=GND Pin=DC-3
Added Member To Class: ClassName=zigo_schem Member=Component DC DCJ200-10-A-XX-K_REVA
Added Room: Name=zigo_schem
